Analysis & Synthesis report for MM
Wed May 08 14:46:58 2024
Quartus Prime Version 20.1.1 Build 720 11/11/2020 SJ Lite Edition


---------------------
; Table of Contents ;
---------------------
  1. Legal Notice
  2. Analysis & Synthesis Summary
  3. Analysis & Synthesis Settings
  4. Parallel Compilation
  5. Analysis & Synthesis Source Files Read
  6. Analysis & Synthesis Resource Usage Summary
  7. Analysis & Synthesis Resource Utilization by Entity
  8. Analysis & Synthesis DSP Block Usage Summary
  9. State Machine - |MM|Current_State
 10. Registers Removed During Synthesis
 11. General Register Statistics
 12. Multiplexer Restructuring Statistics (Restructuring Performed)
 13. Parameter Settings for User Entity Instance: Top-level Entity: |MM
 14. Parameter Settings for Inferred Entity Instance: lpm_mult:Mult0
 15. lpm_mult Parameter Settings by Entity Instance
 16. Post-Synthesis Netlist Statistics for Top Partition
 17. Elapsed Time Per Partition
 18. Analysis & Synthesis Messages



----------------
; Legal Notice ;
----------------
Copyright (C) 2020  Intel Corporation. All rights reserved.
Your use of Intel Corporation's design tools, logic functions 
and other software and tools, and any partner logic 
functions, and any output files from any of the foregoing 
(including device programming or simulation files), and any 
associated documentation or information are expressly subject 
to the terms and conditions of the Intel Program License 
Subscription Agreement, the Intel Quartus Prime License Agreement,
the Intel FPGA IP License Agreement, or other applicable license
agreement, including, without limitation, that your use is for
the sole purpose of programming logic devices manufactured by
Intel and sold by Intel or its authorized distributors.  Please
refer to the applicable agreement for further details, at
https://fpgasoftware.intel.com/eula.



+----------------------------------------------------------------------------------+
; Analysis & Synthesis Summary                                                     ;
+------------------------------------+---------------------------------------------+
; Analysis & Synthesis Status        ; Successful - Wed May 08 14:46:58 2024       ;
; Quartus Prime Version              ; 20.1.1 Build 720 11/11/2020 SJ Lite Edition ;
; Revision Name                      ; MM                                          ;
; Top-level Entity Name              ; MM                                          ;
; Family                             ; Cyclone IV E                                ;
; Total logic elements               ; 582                                         ;
;     Total combinational functions  ; 326                                         ;
;     Dedicated logic registers      ; 310                                         ;
; Total registers                    ; 310                                         ;
; Total pins                         ; 36                                          ;
; Total virtual pins                 ; 0                                           ;
; Total memory bits                  ; 0                                           ;
; Embedded Multiplier 9-bit elements ; 1                                           ;
; Total PLLs                         ; 0                                           ;
+------------------------------------+---------------------------------------------+


+------------------------------------------------------------------------------------------------------------+
; Analysis & Synthesis Settings                                                                              ;
+------------------------------------------------------------------+--------------------+--------------------+
; Option                                                           ; Setting            ; Default Value      ;
+------------------------------------------------------------------+--------------------+--------------------+
; Device                                                           ; EP4CE55F23A7       ;                    ;
; Top-level entity name                                            ; MM                 ; MM                 ;
; Family name                                                      ; Cyclone IV E       ; Cyclone V          ;
; Use smart compilation                                            ; Off                ; Off                ;
; Enable parallel Assembler and Timing Analyzer during compilation ; On                 ; On                 ;
; Enable compact report table                                      ; Off                ; Off                ;
; Restructure Multiplexers                                         ; Auto               ; Auto               ;
; Create Debugging Nodes for IP Cores                              ; Off                ; Off                ;
; Preserve fewer node names                                        ; On                 ; On                 ;
; Intel FPGA IP Evaluation Mode                                    ; Enable             ; Enable             ;
; Verilog Version                                                  ; Verilog_2001       ; Verilog_2001       ;
; VHDL Version                                                     ; VHDL_1993          ; VHDL_1993          ;
; State Machine Processing                                         ; Auto               ; Auto               ;
; Safe State Machine                                               ; Off                ; Off                ;
; Extract Verilog State Machines                                   ; On                 ; On                 ;
; Extract VHDL State Machines                                      ; On                 ; On                 ;
; Ignore Verilog initial constructs                                ; Off                ; Off                ;
; Iteration limit for constant Verilog loops                       ; 5000               ; 5000               ;
; Iteration limit for non-constant Verilog loops                   ; 250                ; 250                ;
; Add Pass-Through Logic to Inferred RAMs                          ; On                 ; On                 ;
; Infer RAMs from Raw Logic                                        ; On                 ; On                 ;
; Parallel Synthesis                                               ; On                 ; On                 ;
; DSP Block Balancing                                              ; Auto               ; Auto               ;
; NOT Gate Push-Back                                               ; On                 ; On                 ;
; Power-Up Don't Care                                              ; On                 ; On                 ;
; Remove Redundant Logic Cells                                     ; Off                ; Off                ;
; Remove Duplicate Registers                                       ; On                 ; On                 ;
; Ignore CARRY Buffers                                             ; Off                ; Off                ;
; Ignore CASCADE Buffers                                           ; Off                ; Off                ;
; Ignore GLOBAL Buffers                                            ; Off                ; Off                ;
; Ignore ROW GLOBAL Buffers                                        ; Off                ; Off                ;
; Ignore LCELL Buffers                                             ; Off                ; Off                ;
; Ignore SOFT Buffers                                              ; On                 ; On                 ;
; Limit AHDL Integers to 32 Bits                                   ; Off                ; Off                ;
; Optimization Technique                                           ; Balanced           ; Balanced           ;
; Carry Chain Length                                               ; 70                 ; 70                 ;
; Auto Carry Chains                                                ; On                 ; On                 ;
; Auto Open-Drain Pins                                             ; On                 ; On                 ;
; Perform WYSIWYG Primitive Resynthesis                            ; Off                ; Off                ;
; Auto ROM Replacement                                             ; On                 ; On                 ;
; Auto RAM Replacement                                             ; On                 ; On                 ;
; Auto DSP Block Replacement                                       ; On                 ; On                 ;
; Auto Shift Register Replacement                                  ; Auto               ; Auto               ;
; Allow Shift Register Merging across Hierarchies                  ; Auto               ; Auto               ;
; Auto Clock Enable Replacement                                    ; On                 ; On                 ;
; Strict RAM Replacement                                           ; Off                ; Off                ;
; Allow Synchronous Control Signals                                ; On                 ; On                 ;
; Force Use of Synchronous Clear Signals                           ; Off                ; Off                ;
; Auto RAM Block Balancing                                         ; On                 ; On                 ;
; Auto RAM to Logic Cell Conversion                                ; Off                ; Off                ;
; Auto Resource Sharing                                            ; Off                ; Off                ;
; Allow Any RAM Size For Recognition                               ; Off                ; Off                ;
; Allow Any ROM Size For Recognition                               ; Off                ; Off                ;
; Allow Any Shift Register Size For Recognition                    ; Off                ; Off                ;
; Use LogicLock Constraints during Resource Balancing              ; On                 ; On                 ;
; Ignore translate_off and synthesis_off directives                ; Off                ; Off                ;
; Timing-Driven Synthesis                                          ; On                 ; On                 ;
; Report Parameter Settings                                        ; On                 ; On                 ;
; Report Source Assignments                                        ; On                 ; On                 ;
; Report Connectivity Checks                                       ; On                 ; On                 ;
; Ignore Maximum Fan-Out Assignments                               ; Off                ; Off                ;
; Synchronization Register Chain Length                            ; 2                  ; 2                  ;
; Power Optimization During Synthesis                              ; Normal compilation ; Normal compilation ;
; HDL message level                                                ; Level2             ; Level2             ;
; Suppress Register Optimization Related Messages                  ; Off                ; Off                ;
; Number of Removed Registers Reported in Synthesis Report         ; 5000               ; 5000               ;
; Number of Swept Nodes Reported in Synthesis Report               ; 5000               ; 5000               ;
; Number of Inverted Registers Reported in Synthesis Report        ; 100                ; 100                ;
; Clock MUX Protection                                             ; On                 ; On                 ;
; Auto Gated Clock Conversion                                      ; Off                ; Off                ;
; Block Design Naming                                              ; Auto               ; Auto               ;
; SDC constraint protection                                        ; Off                ; Off                ;
; Synthesis Effort                                                 ; Auto               ; Auto               ;
; Shift Register Replacement - Allow Asynchronous Clear Signal     ; On                 ; On                 ;
; Pre-Mapping Resynthesis Optimization                             ; Off                ; Off                ;
; Analysis & Synthesis Message Level                               ; Medium             ; Medium             ;
; Disable Register Merging Across Hierarchies                      ; Auto               ; Auto               ;
; Resource Aware Inference For Block RAM                           ; On                 ; On                 ;
+------------------------------------------------------------------+--------------------+--------------------+


+------------------------------------------+
; Parallel Compilation                     ;
+----------------------------+-------------+
; Processors                 ; Number      ;
+----------------------------+-------------+
; Number detected on machine ; 16          ;
; Maximum allowed            ; 12          ;
;                            ;             ;
; Average used               ; 1.00        ;
; Maximum used               ; 12          ;
;                            ;             ;
; Usage by Processor         ; % Time Used ;
;     Processor 1            ; 100.0%      ;
;     Processors 2-12        ;   0.0%      ;
+----------------------------+-------------+


+----------------------------------------------------------------------------------------------------------------------------------------------------------------------------+
; Analysis & Synthesis Source Files Read                                                                                                                                     ;
+----------------------------------+-----------------+------------------------------+------------------------------------------------------------------------------+---------+
; File Name with User-Entered Path ; Used in Netlist ; File Type                    ; File Name with Absolute Path                                                 ; Library ;
+----------------------------------+-----------------+------------------------------+------------------------------------------------------------------------------+---------+
; ../RTL/MM.v                      ; yes             ; User Verilog HDL File        ; E:/Downloads/NCKU-Digital_IC_Design/HW3_P76124265/RTL/MM.v                   ;         ;
; lpm_mult.tdf                     ; yes             ; Megafunction                 ; c:/intelfpga_lite/20.1/quartus/libraries/megafunctions/lpm_mult.tdf          ;         ;
; aglobal201.inc                   ; yes             ; Megafunction                 ; c:/intelfpga_lite/20.1/quartus/libraries/megafunctions/aglobal201.inc        ;         ;
; lpm_add_sub.inc                  ; yes             ; Megafunction                 ; c:/intelfpga_lite/20.1/quartus/libraries/megafunctions/lpm_add_sub.inc       ;         ;
; multcore.inc                     ; yes             ; Megafunction                 ; c:/intelfpga_lite/20.1/quartus/libraries/megafunctions/multcore.inc          ;         ;
; bypassff.inc                     ; yes             ; Megafunction                 ; c:/intelfpga_lite/20.1/quartus/libraries/megafunctions/bypassff.inc          ;         ;
; altshift.inc                     ; yes             ; Megafunction                 ; c:/intelfpga_lite/20.1/quartus/libraries/megafunctions/altshift.inc          ;         ;
; db/mult_73t.tdf                  ; yes             ; Auto-Generated Megafunction  ; E:/Downloads/NCKU-Digital_IC_Design/HW3_P76124265/Gate-level/db/mult_73t.tdf ;         ;
+----------------------------------+-----------------+------------------------------+------------------------------------------------------------------------------+---------+


+---------------------------------------------------------+
; Analysis & Synthesis Resource Usage Summary             ;
+---------------------------------------------+-----------+
; Resource                                    ; Usage     ;
+---------------------------------------------+-----------+
; Estimated Total logic elements              ; 582       ;
;                                             ;           ;
; Total combinational functions               ; 326       ;
; Logic element usage by number of LUT inputs ;           ;
;     -- 4 input functions                    ; 233       ;
;     -- 3 input functions                    ; 75        ;
;     -- <=2 input functions                  ; 18        ;
;                                             ;           ;
; Logic elements by mode                      ;           ;
;     -- normal mode                          ; 307       ;
;     -- arithmetic mode                      ; 19        ;
;                                             ;           ;
; Total registers                             ; 310       ;
;     -- Dedicated logic registers            ; 310       ;
;     -- I/O registers                        ; 0         ;
;                                             ;           ;
; I/O pins                                    ; 36        ;
;                                             ;           ;
; Embedded Multiplier 9-bit elements          ; 1         ;
;                                             ;           ;
; Maximum fan-out node                        ; clk~input ;
; Maximum fan-out                             ; 310       ;
; Total fan-out                               ; 2241      ;
; Average fan-out                             ; 3.16      ;
+---------------------------------------------+-----------+


+--------------------------------------------------------------------------------------------------------------------------------------------------------------------------------------------------------------------------------------+
; Analysis & Synthesis Resource Utilization by Entity                                                                                                                                                                                  ;
+---------------------------------+---------------------+---------------------------+-------------+--------------+---------+-----------+------+--------------+--------------------------------------------+-------------+--------------+
; Compilation Hierarchy Node      ; Combinational ALUTs ; Dedicated Logic Registers ; Memory Bits ; DSP Elements ; DSP 9x9 ; DSP 18x18 ; Pins ; Virtual Pins ; Full Hierarchy Name                        ; Entity Name ; Library Name ;
+---------------------------------+---------------------+---------------------------+-------------+--------------+---------+-----------+------+--------------+--------------------------------------------+-------------+--------------+
; |MM                             ; 326 (326)           ; 310 (310)                 ; 0           ; 1            ; 1       ; 0         ; 36   ; 0            ; |MM                                        ; MM          ; work         ;
;    |lpm_mult:Mult0|             ; 0 (0)               ; 0 (0)                     ; 0           ; 1            ; 1       ; 0         ; 0    ; 0            ; |MM|lpm_mult:Mult0                         ; lpm_mult    ; work         ;
;       |mult_73t:auto_generated| ; 0 (0)               ; 0 (0)                     ; 0           ; 1            ; 1       ; 0         ; 0    ; 0            ; |MM|lpm_mult:Mult0|mult_73t:auto_generated ; mult_73t    ; work         ;
+---------------------------------+---------------------+---------------------------+-------------+--------------+---------+-----------+------+--------------+--------------------------------------------+-------------+--------------+
Note: For table entries with two numbers listed, the numbers in parentheses indicate the number of resources of the given type used by the specific entity alone. The numbers listed outside of parentheses indicate the total resources of the given type used by the specific entity and all of its sub-entities in the hierarchy.


+-----------------------------------------------------+
; Analysis & Synthesis DSP Block Usage Summary        ;
+---------------------------------------+-------------+
; Statistic                             ; Number Used ;
+---------------------------------------+-------------+
; Simple Multipliers (9-bit)            ; 1           ;
; Simple Multipliers (18-bit)           ; 0           ;
; Embedded Multiplier Blocks            ; --          ;
; Embedded Multiplier 9-bit elements    ; 1           ;
; Signed Embedded Multipliers           ; 1           ;
; Unsigned Embedded Multipliers         ; 0           ;
; Mixed Sign Embedded Multipliers       ; 0           ;
; Variable Sign Embedded Multipliers    ; 0           ;
; Dedicated Input Shift Register Chains ; 0           ;
+---------------------------------------+-------------+
Note: number of Embedded Multiplier Blocks used is only available after a successful fit.


Encoding Type:  One-Hot
+-------------------------------------------------------------------------------------------------------------------------------------------------------------------------+
; State Machine - |MM|Current_State                                                                                                                                       ;
+-------------------------+--------------------+-----------------------+----------------------+-----------------------+-------------------------+-------------------------+
; Name                    ; Current_State.Done ; Current_State.Illegal ; Current_State.Wating ; Current_State.Mat_Mul ; Current_State.Load_Mat2 ; Current_State.Load_Mat1 ;
+-------------------------+--------------------+-----------------------+----------------------+-----------------------+-------------------------+-------------------------+
; Current_State.Load_Mat1 ; 0                  ; 0                     ; 0                    ; 0                     ; 0                       ; 0                       ;
; Current_State.Load_Mat2 ; 0                  ; 0                     ; 0                    ; 0                     ; 1                       ; 1                       ;
; Current_State.Mat_Mul   ; 0                  ; 0                     ; 0                    ; 1                     ; 0                       ; 1                       ;
; Current_State.Wating    ; 0                  ; 0                     ; 1                    ; 0                     ; 0                       ; 1                       ;
; Current_State.Illegal   ; 0                  ; 1                     ; 0                    ; 0                     ; 0                       ; 1                       ;
; Current_State.Done      ; 1                  ; 0                     ; 0                    ; 0                     ; 0                       ; 1                       ;
+-------------------------+--------------------+-----------------------+----------------------+-----------------------+-------------------------+-------------------------+


+------------------------------------------------------------+
; Registers Removed During Synthesis                         ;
+---------------------------------------+--------------------+
; Register name                         ; Reason for Removal ;
+---------------------------------------+--------------------+
; Current_State~4                       ; Lost fanout        ;
; Current_State~5                       ; Lost fanout        ;
; Current_State~6                       ; Lost fanout        ;
; Total Number of Removed Registers = 3 ;                    ;
+---------------------------------------+--------------------+


+------------------------------------------------------+
; General Register Statistics                          ;
+----------------------------------------------+-------+
; Statistic                                    ; Value ;
+----------------------------------------------+-------+
; Total registers                              ; 310   ;
; Number of registers using Synchronous Clear  ; 23    ;
; Number of registers using Synchronous Load   ; 5     ;
; Number of registers using Asynchronous Clear ; 54    ;
; Number of registers using Asynchronous Load  ; 0     ;
; Number of registers using Clock Enable       ; 264   ;
; Number of registers using Preset             ; 0     ;
+----------------------------------------------+-------+


+------------------------------------------------------------------------------------------------------------------------------------------+
; Multiplexer Restructuring Statistics (Restructuring Performed)                                                                           ;
+--------------------+-----------+---------------+----------------------+------------------------+------------+----------------------------+
; Multiplexer Inputs ; Bus Width ; Baseline Area ; Area if Restructured ; Saving if Restructured ; Registered ; Example Multiplexer Output ;
+--------------------+-----------+---------------+----------------------+------------------------+------------+----------------------------+
; 3:1                ; 3 bits    ; 6 LEs         ; 6 LEs                ; 0 LEs                  ; No         ; |MM|Mat2_Cur_Col           ;
+--------------------+-----------+---------------+----------------------+------------------------+------------+----------------------------+


+--------------------------------------------------------------------+
; Parameter Settings for User Entity Instance: Top-level Entity: |MM ;
+----------------+-------+-------------------------------------------+
; Parameter Name ; Value ; Type                                      ;
+----------------+-------+-------------------------------------------+
; Load_Mat1      ; 000   ; Unsigned Binary                           ;
; Load_Mat2      ; 001   ; Unsigned Binary                           ;
; Mat_Mul        ; 010   ; Unsigned Binary                           ;
; Wating         ; 011   ; Unsigned Binary                           ;
; Illegal        ; 100   ; Unsigned Binary                           ;
; Done           ; 101   ; Unsigned Binary                           ;
+----------------+-------+-------------------------------------------+
Note: In order to hide this table in the UI and the text report file, please set the "Show Parameter Settings in Synthesis Report" option in "Analysis and Synthesis Settings -> More Settings" to "Off".


+-------------------------------------------------------------------------------------+
; Parameter Settings for Inferred Entity Instance: lpm_mult:Mult0                     ;
+------------------------------------------------+--------------+---------------------+
; Parameter Name                                 ; Value        ; Type                ;
+------------------------------------------------+--------------+---------------------+
; AUTO_CARRY_CHAINS                              ; ON           ; AUTO_CARRY          ;
; IGNORE_CARRY_BUFFERS                           ; OFF          ; IGNORE_CARRY        ;
; AUTO_CASCADE_CHAINS                            ; ON           ; AUTO_CASCADE        ;
; IGNORE_CASCADE_BUFFERS                         ; OFF          ; IGNORE_CASCADE      ;
; LPM_WIDTHA                                     ; 8            ; Untyped             ;
; LPM_WIDTHB                                     ; 8            ; Untyped             ;
; LPM_WIDTHP                                     ; 16           ; Untyped             ;
; LPM_WIDTHR                                     ; 16           ; Untyped             ;
; LPM_WIDTHS                                     ; 1            ; Untyped             ;
; LPM_REPRESENTATION                             ; SIGNED       ; Untyped             ;
; LPM_PIPELINE                                   ; 0            ; Untyped             ;
; LATENCY                                        ; 0            ; Untyped             ;
; INPUT_A_IS_CONSTANT                            ; NO           ; Untyped             ;
; INPUT_B_IS_CONSTANT                            ; NO           ; Untyped             ;
; USE_EAB                                        ; OFF          ; Untyped             ;
; MAXIMIZE_SPEED                                 ; 5            ; Untyped             ;
; DEVICE_FAMILY                                  ; Cyclone IV E ; Untyped             ;
; CARRY_CHAIN                                    ; MANUAL       ; Untyped             ;
; APEX20K_TECHNOLOGY_MAPPER                      ; LUT          ; TECH_MAPPER_APEX20K ;
; DEDICATED_MULTIPLIER_CIRCUITRY                 ; AUTO         ; Untyped             ;
; DEDICATED_MULTIPLIER_MIN_INPUT_WIDTH_FOR_AUTO  ; 0            ; Untyped             ;
; DEDICATED_MULTIPLIER_MIN_OUTPUT_WIDTH_FOR_AUTO ; 0            ; Untyped             ;
; CBXI_PARAMETER                                 ; mult_73t     ; Untyped             ;
; INPUT_A_FIXED_VALUE                            ; Bx           ; Untyped             ;
; INPUT_B_FIXED_VALUE                            ; Bx           ; Untyped             ;
; USE_AHDL_IMPLEMENTATION                        ; OFF          ; Untyped             ;
+------------------------------------------------+--------------+---------------------+
Note: In order to hide this table in the UI and the text report file, please set the "Show Parameter Settings in Synthesis Report" option in "Analysis and Synthesis Settings -> More Settings" to "Off".


+--------------------------------------------------------+
; lpm_mult Parameter Settings by Entity Instance         ;
+---------------------------------------+----------------+
; Name                                  ; Value          ;
+---------------------------------------+----------------+
; Number of entity instances            ; 1              ;
; Entity Instance                       ; lpm_mult:Mult0 ;
;     -- LPM_WIDTHA                     ; 8              ;
;     -- LPM_WIDTHB                     ; 8              ;
;     -- LPM_WIDTHP                     ; 16             ;
;     -- LPM_REPRESENTATION             ; SIGNED         ;
;     -- INPUT_A_IS_CONSTANT            ; NO             ;
;     -- INPUT_B_IS_CONSTANT            ; NO             ;
;     -- USE_EAB                        ; OFF            ;
;     -- DEDICATED_MULTIPLIER_CIRCUITRY ; AUTO           ;
;     -- INPUT_A_FIXED_VALUE            ; Bx             ;
;     -- INPUT_B_FIXED_VALUE            ; Bx             ;
+---------------------------------------+----------------+


+-----------------------------------------------------+
; Post-Synthesis Netlist Statistics for Top Partition ;
+-----------------------+-----------------------------+
; Type                  ; Count                       ;
+-----------------------+-----------------------------+
; boundary_port         ; 36                          ;
; cycloneiii_ff         ; 310                         ;
;     CLR               ; 20                          ;
;     CLR SCLR          ; 21                          ;
;     CLR SLD           ; 5                           ;
;     ENA               ; 256                         ;
;     ENA CLR           ; 6                           ;
;     ENA CLR SCLR      ; 2                           ;
; cycloneiii_lcell_comb ; 326                         ;
;     arith             ; 19                          ;
;         3 data inputs ; 19                          ;
;     normal            ; 307                         ;
;         2 data inputs ; 18                          ;
;         3 data inputs ; 56                          ;
;         4 data inputs ; 233                         ;
; cycloneiii_mac_mult   ; 1                           ;
; cycloneiii_mac_out    ; 1                           ;
;                       ;                             ;
; Max LUT depth         ; 5.00                        ;
; Average LUT depth     ; 3.09                        ;
+-----------------------+-----------------------------+


+-------------------------------+
; Elapsed Time Per Partition    ;
+----------------+--------------+
; Partition Name ; Elapsed Time ;
+----------------+--------------+
; Top            ; 00:00:01     ;
+----------------+--------------+


+-------------------------------+
; Analysis & Synthesis Messages ;
+-------------------------------+
Info: *******************************************************************
Info: Running Quartus Prime Analysis & Synthesis
    Info: Version 20.1.1 Build 720 11/11/2020 SJ Lite Edition
    Info: Processing started: Wed May 08 14:46:46 2024
Info: Command: quartus_map --read_settings_files=on --write_settings_files=off MM -c MM
Warning (18236): Number of processors has not been specified which may cause overloading on shared machines.  Set the global assignment NUM_PARALLEL_PROCESSORS in your QSF to an appropriate value for best performance.
Info (20030): Parallel compilation is enabled and will use 12 of the 12 processors detected
Info (12021): Found 1 design units, including 1 entities, in source file /downloads/ncku-digital_ic_design/hw3_p76124265/rtl/mm.v
    Info (12023): Found entity 1: MM File: E:/Downloads/NCKU-Digital_IC_Design/HW3_P76124265/RTL/MM.v Line: 6
Info (12127): Elaborating entity "MM" for the top level hierarchy
Warning (10230): Verilog HDL assignment warning at MM.v(173): truncated value with size 32 to match size of target (3) File: E:/Downloads/NCKU-Digital_IC_Design/HW3_P76124265/RTL/MM.v Line: 173
Warning (10230): Verilog HDL assignment warning at MM.v(177): truncated value with size 32 to match size of target (3) File: E:/Downloads/NCKU-Digital_IC_Design/HW3_P76124265/RTL/MM.v Line: 177
Warning (10230): Verilog HDL assignment warning at MM.v(180): truncated value with size 32 to match size of target (3) File: E:/Downloads/NCKU-Digital_IC_Design/HW3_P76124265/RTL/MM.v Line: 180
Warning (10230): Verilog HDL assignment warning at MM.v(181): truncated value with size 32 to match size of target (3) File: E:/Downloads/NCKU-Digital_IC_Design/HW3_P76124265/RTL/MM.v Line: 181
Warning (10230): Verilog HDL assignment warning at MM.v(188): truncated value with size 32 to match size of target (3) File: E:/Downloads/NCKU-Digital_IC_Design/HW3_P76124265/RTL/MM.v Line: 188
Warning (10230): Verilog HDL assignment warning at MM.v(192): truncated value with size 32 to match size of target (3) File: E:/Downloads/NCKU-Digital_IC_Design/HW3_P76124265/RTL/MM.v Line: 192
Warning (10230): Verilog HDL assignment warning at MM.v(195): truncated value with size 32 to match size of target (3) File: E:/Downloads/NCKU-Digital_IC_Design/HW3_P76124265/RTL/MM.v Line: 195
Warning (10230): Verilog HDL assignment warning at MM.v(196): truncated value with size 32 to match size of target (3) File: E:/Downloads/NCKU-Digital_IC_Design/HW3_P76124265/RTL/MM.v Line: 196
Warning (10230): Verilog HDL assignment warning at MM.v(203): truncated value with size 32 to match size of target (3) File: E:/Downloads/NCKU-Digital_IC_Design/HW3_P76124265/RTL/MM.v Line: 203
Warning (10230): Verilog HDL assignment warning at MM.v(209): truncated value with size 32 to match size of target (3) File: E:/Downloads/NCKU-Digital_IC_Design/HW3_P76124265/RTL/MM.v Line: 209
Warning (10230): Verilog HDL assignment warning at MM.v(215): truncated value with size 32 to match size of target (3) File: E:/Downloads/NCKU-Digital_IC_Design/HW3_P76124265/RTL/MM.v Line: 215
Warning (10230): Verilog HDL assignment warning at MM.v(222): truncated value with size 32 to match size of target (3) File: E:/Downloads/NCKU-Digital_IC_Design/HW3_P76124265/RTL/MM.v Line: 222
Info (276014): Found 2 instances of uninferred RAM logic
    Info (276007): RAM logic "Mat1" is uninferred due to asynchronous read logic File: E:/Downloads/NCKU-Digital_IC_Design/HW3_P76124265/RTL/MM.v Line: 22
    Info (276007): RAM logic "Mat2" is uninferred due to asynchronous read logic File: E:/Downloads/NCKU-Digital_IC_Design/HW3_P76124265/RTL/MM.v Line: 26
Info (278001): Inferred 1 megafunctions from design logic
    Info (278003): Inferred multiplier megafunction ("lpm_mult") from the following logic: "Mult0" File: E:/Downloads/NCKU-Digital_IC_Design/HW3_P76124265/RTL/MM.v Line: 112
Info (12130): Elaborated megafunction instantiation "lpm_mult:Mult0" File: E:/Downloads/NCKU-Digital_IC_Design/HW3_P76124265/RTL/MM.v Line: 112
Info (12133): Instantiated megafunction "lpm_mult:Mult0" with the following parameter: File: E:/Downloads/NCKU-Digital_IC_Design/HW3_P76124265/RTL/MM.v Line: 112
    Info (12134): Parameter "LPM_WIDTHA" = "8"
    Info (12134): Parameter "LPM_WIDTHB" = "8"
    Info (12134): Parameter "LPM_WIDTHP" = "16"
    Info (12134): Parameter "LPM_WIDTHR" = "16"
    Info (12134): Parameter "LPM_WIDTHS" = "1"
    Info (12134): Parameter "LPM_REPRESENTATION" = "SIGNED"
    Info (12134): Parameter "INPUT_A_IS_CONSTANT" = "NO"
    Info (12134): Parameter "INPUT_B_IS_CONSTANT" = "NO"
    Info (12134): Parameter "MAXIMIZE_SPEED" = "5"
Info (12021): Found 1 design units, including 1 entities, in source file db/mult_73t.tdf
    Info (12023): Found entity 1: mult_73t File: E:/Downloads/NCKU-Digital_IC_Design/HW3_P76124265/Gate-level/db/mult_73t.tdf Line: 29
Info (286030): Timing-Driven Synthesis is running
Info (17049): 3 registers lost all their fanouts during netlist optimizations.
Info (16010): Generating hard_block partition "hard_block:auto_generated_inst"
    Info (16011): Adding 0 node(s), including 0 DDIO, 0 PLL, 0 transceiver and 0 LCELL
Info (21057): Implemented 619 device resources after synthesis - the final resource count might be different
    Info (21058): Implemented 12 input pins
    Info (21059): Implemented 24 output pins
    Info (21061): Implemented 582 logic cells
    Info (21062): Implemented 1 DSP elements
Info: Quartus Prime Analysis & Synthesis was successful. 0 errors, 13 warnings
    Info: Peak virtual memory: 4826 megabytes
    Info: Processing ended: Wed May 08 14:46:58 2024
    Info: Elapsed time: 00:00:12
    Info: Total CPU time (on all processors): 00:00:09


